<?xml version="1.0" encoding="UTF-8"?>
<testsuite name="project.TestApp" tests="1" skipped="0" failures="0" errors="0" timestamp="2022-04-19T23:41:00" hostname="MSI" time="0.064">
  <properties/>
  <testcase name="TestMainApp()" classname="project.TestApp" time="0.064"/>
  <system-out><![CDATA[<Hotel "Montagnais" reviews>
Rating:4 By:LeChanteurSolitaire On:2011/02/28
"Le karaoké était super. Malheureusement, l'alcool goûtait l'eau."
Rating:1 By:M@ryze.Larouche28 On:2022/04/19
"Des fois on m'appelle aussi Karen, c'est pourquoi je déconseille fortement cette place car les gens étaient beaucoup trop respectueux avec nous."

<Agency Hotel>
Hotel => Montagnais
 Avg.Rating: 2,50 From 2 review
 Amenities: [Piscine, Bar]
 Destination: Sud
 Current Deal: 1 total
Hotel => Du Coin
 Avg.Rating: 0,00 From 0 review
 Amenities: [Service au chambre]
 Destination: Sud
 Current Deal: 3 total
Hotel => OTL
 Avg.Rating: 5,00 From 1 review
 Amenities: [Piscine, Bar, Stationnement gratuit]
 Destination: Caraibe
 Current Deal: 2 total

<Agency Package Deal>
Deal -> Price:700.59$ Date:2023/12/07 Fly:Air Transat(FIRST) Hotel:Du Coin
Deal -> Price:300.0$ Date:2023/11/03 Fly:Air Transat(ECONOMY) Hotel:OTL
Deal -> Price:350.0$ Date:2023/03/03 Fly:Air Transat(ECONOMY) Hotel:Montagnais
Deal -> Price:165.0$ Date:2023/08/20 Fly:Westjet(ECONOMY) Hotel:Du Coin
Deal -> Price:465.0$ Date:2023/11/04 Fly:Air Transat(BUSINESS) Hotel:OTL
Deal -> Price:317.99$ Date:2023/07/23 Fly:Westjet(FIRST) Hotel:Du Coin

]]></system-out>
  <system-err><![CDATA[]]></system-err>
</testsuite>
